<?xml version="1.0" encoding="UTF-8"?>
<!-- Generated by org.testng.reporters.JUnitReportReporter -->
<testsuite hostname="Alien" failures="0" tests="1" name="Google.searching" time="12.333" errors="0" timestamp="2024-10-12T15:51:54 EDT" skipped="0">
  <testcase classname="Google.searching" name="search" time="12.333">
    <system-out>
      <![CDATA[the first web element collected was: Cole Kedzierski - PNC
LinkedIn · Cole Kedzierski
200+ followers
The page that the test ended up on was: https://www.linkedin.com/in/cole-kedzierski]]>
    </system-out>
  </testcase> <!-- search -->
  <system-out>
    <![CDATA[the first web element collected was: Cole Kedzierski - PNC
LinkedIn · Cole Kedzierski
200+ followers
The page that the test ended up on was: https://www.linkedin.com/in/cole-kedzierski]]>
  </system-out>
</testsuite> <!-- Google.searching -->
