<?xml version="1.0" encoding="UTF-8"?>
<!-- Generated by org.testng.reporters.JUnitReportReporter -->
<testsuite hostname="Alien" failures="0" tests="1" name="cucumberTestRunner.CucumberTestRunner" time="2.906" errors="0" timestamp="2024-10-21T19:52:38 EDT" skipped="0">
  <testcase classname="cucumberTestRunner.CucumberTestRunner" name="runScenario" time="2.906"/>
</testsuite> <!-- cucumberTestRunner.CucumberTestRunner -->
