<?xml version="1.0" encoding="UTF-8"?>
<!-- Generated by org.testng.reporters.JUnitReportReporter -->
<testsuite hostname="Alien" failures="0" tests="1" name="cucumberTestRunner.CucumberTestRunner" time="8.935" errors="0" timestamp="2024-10-28T17:02:30 EDT" skipped="0">
  <testcase classname="cucumberTestRunner.CucumberTestRunner" name="runScenario" time="8.935"/>
</testsuite> <!-- cucumberTestRunner.CucumberTestRunner -->
