<?xml version="1.0" encoding="UTF-8"?>
<!-- Generated by org.testng.reporters.JUnitReportReporter -->
<testsuite hostname="Alien" failures="0" tests="1" name="Google.searching" time="7.402" errors="0" timestamp="2024-10-12T13:58:21 EDT" skipped="0">
  <testcase classname="Google.searching" name="search" time="7.402"/>
</testsuite> <!-- Google.searching -->
