<?xml version="1.0" encoding="UTF-8"?>
<!-- Generated by org.testng.reporters.JUnitReportReporter -->
<testsuite hostname="Alien" failures="0" tests="1" name="testngWithSelenium.Google" time="15.807" errors="0" timestamp="2024-10-21T19:54:00 EDT" skipped="0">
  <testcase classname="testngWithSelenium.Google" name="search" time="15.807">
    <system-out>
      <![CDATA[the first web element collected was: Cole Kedzierski - PNC
LinkedIn · Cole Kedzierski
210+ followers
The page that the test ended up on was: https://www.linkedin.com/in/cole-kedzierski]]>
    </system-out>
  </testcase> <!-- search -->
  <system-out>
    <![CDATA[the first web element collected was: Cole Kedzierski - PNC
LinkedIn · Cole Kedzierski
210+ followers
The page that the test ended up on was: https://www.linkedin.com/in/cole-kedzierski]]>
  </system-out>
</testsuite> <!-- testngWithSelenium.Google -->
