<?xml version="1.0" encoding="UTF-8"?>
<!-- Generated by org.testng.reporters.JUnitReportReporter -->
<testsuite hostname="Alien" failures="0" tests="1" name="testngWithSelenium.NetworkInterceptPractice" time="5.763" errors="0" timestamp="2024-11-13T11:25:36 EST" skipped="0">
  <testcase classname="testngWithSelenium.NetworkInterceptPractice" name="intercept" time="5.763"/>
</testsuite> <!-- testngWithSelenium.NetworkInterceptPractice -->
